[0624/180705:ERROR:process_reader_win.cc(141)] SuspendThread: Access is denied. (0x5)
[0624/180705:ERROR:process_reader_win.cc(232)] ReadMemory at 0x13f480000 of 64 bytes failed: Only part of a ReadProcessMemory or WriteProcessMemory request was completed. (0x12B)
[0624/180705:WARNING:pe_image_reader.cc(280)] could not read dos header from C:\Program Files (x86)\Google\Chrome\Application\chrome.exe
[0624/180705:ERROR:process_reader_win.cc(232)] ReadMemory at 0x76ee0000 of 64 bytes failed: Only part of a ReadProcessMemory or WriteProcessMemory request was completed. (0x12B)
[0624/180705:WARNING:pe_image_reader.cc(280)] could not read dos header from C:\Windows\SYSTEM32\ntdll.dll
[0624/180705:ERROR:process_reader_win.cc(232)] ReadMemory at 0x7fefce00000 of 64 bytes failed: Only part of a ReadProcessMemory or WriteProcessMemory request was completed. (0x12B)
[0624/180705:WARNING:pe_image_reader.cc(280)] could not read dos header from C:\Windows\system32\KERNELBASE.dll
[0624/180705:ERROR:process_reader_win.cc(232)] ReadMemory at 0x76cc0000 of 64 bytes failed: Only part of a ReadProcessMemory or WriteProcessMemory request was completed. (0x12B)
[0624/180705:WARNING:pe_image_reader.cc(280)] could not read dos header from C:\Windows\system32\kernel32.dll
[0624/180705:ERROR:process_reader_win.cc(232)] ReadMemory at 0x74980000 of 64 bytes failed: Only part of a ReadProcessMemory or WriteProcessMemory request was completed. (0x12B)
[0624/180705:WARNING:pe_image_reader.cc(280)] could not read dos header from C:\Windows\System32\SYSFER.DLL
[0624/180705:ERROR:process_reader_win.cc(232)] ReadMemory at 0x7fefd310000 of 64 bytes failed: Only part of a ReadProcessMemory or WriteProcessMemory request was completed. (0x12B)
[0624/180705:WARNING:pe_image_reader.cc(280)] could not read dos header from C:\Windows\system32\msvcrt.dll
[0624/180705:ERROR:process_reader_win.cc(232)] ReadMemory at 0x7fefeee0000 of 64 bytes failed: Only part of a ReadProcessMemory or WriteProcessMemory request was completed. (0x12B)
[0624/180705:WARNING:pe_image_reader.cc(280)] could not read dos header from C:\Windows\system32\RPCRT4.dll
[0624/180705:ERROR:process_reader_win.cc(232)] ReadMemory at 0x7fefecb0000 of 64 bytes failed: Only part of a ReadProcessMemory or WriteProcessMemory request was completed. (0x12B)
[0624/180705:WARNING:pe_image_reader.cc(280)] could not read dos header from C:\Windows\SYSTEM32\sechost.dll
[0624/180705:ERROR:process_reader_win.cc(232)] ReadMemory at 0x7fefd230000 of 64 bytes failed: Only part of a ReadProcessMemory or WriteProcessMemory request was completed. (0x12B)
[0624/180705:WARNING:pe_image_reader.cc(280)] could not read dos header from C:\Windows\system32\ADVAPI32.dll
[0624/180705:ERROR:process_reader_win.cc(232)] ReadMemory at 0x7fef1cf0000 of 64 bytes failed: Only part of a ReadProcessMemory or WriteProcessMemory request was completed. (0x12B)
[0624/180705:WARNING:pe_image_reader.cc(280)] could not read dos header from C:\Program Files (x86)\Google\Chrome\Application\51.0.2704.103\chrome_elf.dll
[0624/180705:ERROR:process_reader_win.cc(232)] ReadMemory at 0x7fefbcf0000 of 64 bytes failed: Only part of a ReadProcessMemory or WriteProcessMemory request was completed. (0x12B)
[0624/180705:WARNING:pe_image_reader.cc(280)] could not read dos header from C:\Windows\system32\VERSION.dll
[0624/180705:ERROR:process_reader_win.cc(232)] ReadMemory at 0x7fefead0000 of 64 bytes failed: Only part of a ReadProcessMemory or WriteProcessMemory request was completed. (0x12B)
[0624/180705:WARNING:pe_image_reader.cc(280)] could not read dos header from C:\Windows\system32\USP10.dll
[0624/180705:ERROR:process_reader_win.cc(232)] ReadMemory at 0x7fefd870000 of 64 bytes failed: Only part of a ReadProcessMemory or WriteProcessMemory request was completed. (0x12B)
[0624/180705:WARNING:pe_image_reader.cc(280)] could not read dos header from C:\Windows\system32\LPK.dll
[0624/180705:ERROR:process_reader_win.cc(232)] ReadMemory at 0x7fefee70000 of 64 bytes failed: Only part of a ReadProcessMemory or WriteProcessMemory request was completed. (0x12B)
[0624/180705:WARNING:pe_image_reader.cc(280)] could not read dos header from C:\Windows\system32\GDI32.dll
[0624/180705:ERROR:process_reader_win.cc(232)] ReadMemory at 0x76de0000 of 64 bytes failed: Only part of a ReadProcessMemory or WriteProcessMemory request was completed. (0x12B)
[0624/180705:WARNING:pe_image_reader.cc(280)] could not read dos header from C:\Windows\system32\USER32.dll
[0624/180705:ERROR:process_reader_win.cc(232)] ReadMemory at 0x7fefa8a0000 of 64 bytes failed: Only part of a ReadProcessMemory or WriteProcessMemory request was completed. (0x12B)
[0624/180705:WARNING:pe_image_reader.cc(280)] could not read dos header from C:\Windows\system32\WINMM.dll
[0624/180705:ERROR:process_reader_win.cc(232)] ReadMemory at 0x7fefcc70000 of 64 bytes failed: Only part of a ReadProcessMemory or WriteProcessMemory request was completed. (0x12B)
[0624/180705:WARNING:pe_image_reader.cc(280)] could not read dos header from C:\Windows\system32\profapi.dll
[0624/180705:ERROR:process_reader_win.cc(232)] ReadMemory at 0x7fefcfc0000 of 64 bytes failed: Only part of a ReadProcessMemory or WriteProcessMemory request was completed. (0x12B)
[0624/180705:WARNING:pe_image_reader.cc(280)] could not read dos header from C:\Windows\system32\USERENV.dll
[0624/180705:ERROR:process_reader_win.cc(232)] ReadMemory at 0x7fefbca0000 of 64 bytes failed: Only part of a ReadProcessMemory or WriteProcessMemory request was completed. (0x12B)
[0624/180705:WARNING:pe_image_reader.cc(280)] could not read dos header from C:\Windows\system32\WTSAPI32.dll
[0624/180705:ERROR:process_reader_win.cc(232)] ReadMemory at 0x7fef6a10000 of 64 bytes failed: Only part of a ReadProcessMemory or WriteProcessMemory request was completed. (0x12B)
[0624/180705:WARNING:pe_image_reader.cc(280)] could not read dos header from C:\Windows\system32\webio.dll
[0624/180705:ERROR:process_reader_win.cc(232)] ReadMemory at 0x7fef6a80000 of 64 bytes failed: Only part of a ReadProcessMemory or WriteProcessMemory request was completed. (0x12B)
[0624/180705:WARNING:pe_image_reader.cc(280)] could not read dos header from C:\Windows\system32\WINHTTP.dll
[0624/180705:ERROR:process_reader_win.cc(232)] ReadMemory at 0x770b0000 of 64 bytes failed: Only part of a ReadProcessMemory or WriteProcessMemory request was completed. (0x12B)
[0624/180705:WARNING:pe_image_reader.cc(280)] could not read dos header from C:\Windows\system32\psapi.dll
[0624/180705:ERROR:process_reader_win.cc(232)] ReadMemory at 0x7fefeba0000 of 64 bytes failed: Only part of a ReadProcessMemory or WriteProcessMemory request was completed. (0x12B)
[0624/180705:WARNING:pe_image_reader.cc(280)] could not read dos header from C:\Windows\system32\MSCTF.dll
[0624/180705:ERROR:process_reader_win.cc(232)] ReadMemory at 0x7fefe690000 of 64 bytes failed: Only part of a ReadProcessMemory or WriteProcessMemory request was completed. (0x12B)
[0624/180705:WARNING:pe_image_reader.cc(280)] could not read dos header from C:\Windows\system32\IMM32.DLL
[0624/180705:ERROR:process_reader_win.cc(232)] ReadMemory at 0x7fefecf0000 of 64 bytes failed: Only part of a ReadProcessMemory or WriteProcessMemory request was completed. (0x12B)
[0624/180705:WARNING:pe_image_reader.cc(280)] could not read dos header from C:\Windows\system32\SHLWAPI.dll
[0624/180705:ERROR:process_reader_win.cc(232)] ReadMemory at 0x7fefd880000 of 64 bytes failed: Only part of a ReadProcessMemory or WriteProcessMemory request was completed. (0x12B)
[0624/180705:WARNING:pe_image_reader.cc(280)] could not read dos header from C:\Windows\system32\SHELL32.dll
[0624/180705:ERROR:process_reader_win.cc(232)] ReadMemory at 0x7fef9690000 of 64 bytes failed: Only part of a ReadProcessMemory or WriteProcessMemory request was completed. (0x12B)
[0624/180705:WARNING:pe_image_reader.cc(280)] could not read dos header from C:\Windows\system32\WINSPOOL.DRV
[0624/180705:ERROR:process_reader_win.cc(232)] ReadMemory at 0x7fefb5e0000 of 64 bytes failed: Only part of a ReadProcessMemory or WriteProcessMemory request was completed. (0x12B)
[0624/180705:WARNING:pe_image_reader.cc(280)] could not read dos header from C:\Windows\WinSxS\amd64_microsoft.windows.common-controls_6595b64144ccf1df_6.0.7601.18837_none_fa3b1e3d17594757\COMCTL32.dll
[0624/180705:ERROR:process_reader_win.cc(232)] ReadMemory at 0x7fefedd0000 of 64 bytes failed: Only part of a ReadProcessMemory or WriteProcessMemory request was completed. (0x12B)
[0624/180705:WARNING:pe_image_reader.cc(280)] could not read dos header from C:\Windows\system32\COMDLG32.dll
[0624/180705:ERROR:process_reader_win.cc(232)] ReadMemory at 0x7fefd020000 of 64 bytes failed: Only part of a ReadProcessMemory or WriteProcessMemory request was completed. (0x12B)
[0624/180705:WARNING:pe_image_reader.cc(280)] could not read dos header from C:\Windows\system32\ole32.dll
[0624/180705:ERROR:process_reader_win.cc(232)] ReadMemory at 0x7fefe720000 of 64 bytes failed: Only part of a ReadProcessMemory or WriteProcessMemory request was completed. (0x12B)
[0624/180705:WARNING:pe_image_reader.cc(280)] could not read dos header from C:\Windows\system32\OLEAUT32.dll
[0624/180705:ERROR:process_reader_win.cc(232)] ReadMemory at 0x7fefe6c0000 of 64 bytes failed: Only part of a ReadProcessMemory or WriteProcessMemory request was completed. (0x12B)
[0624/180705:WARNING:pe_image_reader.cc(280)] could not read dos header from C:\Windows\system32\NSI.dll
[0624/180705:ERROR:process_reader_win.cc(232)] ReadMemory at 0x7fef9ed0000 of 64 bytes failed: Only part of a ReadProcessMemory or WriteProcessMemory request was completed. (0x12B)
[0624/180705:WARNING:pe_image_reader.cc(280)] could not read dos header from C:\Windows\system32\WINNSI.DLL
[0624/180705:ERROR:process_reader_win.cc(232)] ReadMemory at 0x7fef9ee0000 of 64 bytes failed: Only part of a ReadProcessMemory or WriteProcessMemory request was completed. (0x12B)
[0624/180705:WARNING:pe_image_reader.cc(280)] could not read dos header from C:\Windows\system32\IPHLPAPI.DLL
[0624/180705:ERROR:process_reader_win.cc(232)] ReadMemory at 0x7fefe6d0000 of 64 bytes failed: Only part of a ReadProcessMemory or WriteProcessMemory request was completed. (0x12B)
[0624/180705:WARNING:pe_image_reader.cc(280)] could not read dos header from C:\Windows\system32\WS2_32.dll
[0624/180705:ERROR:process_reader_win.cc(232)] ReadMemory at 0x7fefcc60000 of 64 bytes failed: Only part of a ReadProcessMemory or WriteProcessMemory request was completed. (0x12B)
[0624/180705:WARNING:pe_image_reader.cc(280)] could not read dos header from C:\Windows\system32\MSASN1.dll
[0624/180705:ERROR:process_reader_win.cc(232)] ReadMemory at 0x7fefcc80000 of 64 bytes failed: Only part of a ReadProcessMemory or WriteProcessMemory request was completed. (0x12B)
[0624/180705:WARNING:pe_image_reader.cc(280)] could not read dos header from C:\Windows\system32\CRYPT32.dll
[0624/180705:ERROR:process_reader_win.cc(232)] ReadMemory at 0x7fefcea0000 of 64 bytes failed: Only part of a ReadProcessMemory or WriteProcessMemory request was completed. (0x12B)
[0624/180705:WARNING:pe_image_reader.cc(280)] could not read dos header from C:\Windows\system32\WINTRUST.dll
[0624/180705:ERROR:process_reader_win.cc(232)] ReadMemory at 0x7fefca40000 of 64 bytes failed: Only part of a ReadProcessMemory or WriteProcessMemory request was completed. (0x12B)
[0624/180705:WARNING:pe_image_reader.cc(280)] could not read dos header from C:\Windows\system32\Secur32.dll
[0624/180705:ERROR:process_reader_win.cc(232)] ReadMemory at 0x7fefca70000 of 64 bytes failed: Only part of a ReadProcessMemory or WriteProcessMemory request was completed. (0x12B)
[0624/180705:WARNING:pe_image_reader.cc(280)] could not read dos header from C:\Windows\system32\SSPICLI.DLL
[0624/180705:ERROR:process_reader_win.cc(232)] ReadMemory at 0x7fece5d0000 of 64 bytes failed: Only part of a ReadProcessMemory or WriteProcessMemory request was completed. (0x12B)
[0624/180705:WARNING:pe_image_reader.cc(280)] could not read dos header from C:\Program Files (x86)\Google\Chrome\Application\51.0.2704.103\chrome_child.dll
[0624/180705:ERROR:process_reader_win.cc(232)] ReadMemory at 0x7feea130000 of 64 bytes failed: Only part of a ReadProcessMemory or WriteProcessMemory request was completed. (0x12B)
[0624/180705:WARNING:pe_image_reader.cc(280)] could not read dos header from C:\Windows\system32\dwrite.dll
[0624/180705:ERROR:process_reader_win.cc(232)] ReadMemory at 0x7fefcb00000 of 64 bytes failed: Only part of a ReadProcessMemory or WriteProcessMemory request was completed. (0x12B)
[0624/180705:WARNING:pe_image_reader.cc(280)] could not read dos header from C:\Windows\system32\cryptbase.dll
[0624/180705:ERROR:process_reader_win.cc(232)] ReadMemory at 0x13f561910 of 12 bytes failed: Only part of a ReadProcessMemory or WriteProcessMemory request was completed. (0x12B)
[0624/180705:WARNING:process_snapshot_win.cc(102)] ReadMemory ExceptionInformation failed
[0624/180705:WARNING:crash_report_exception_handler.cc(60)] ProcessSnapshotWin::InitializeException failed
[0624/180705:ERROR:scoped_process_suspend.cc(38)] NtResumeProcess, ntstatus=-1073741558
[0624/180942:ERROR:process_reader_win.cc(141)] SuspendThread: Access is denied. (0x5)
[0624/180942:ERROR:process_reader_win.cc(232)] ReadMemory at 0x13f620000 of 64 bytes failed: Only part of a ReadProcessMemory or WriteProcessMemory request was completed. (0x12B)
[0624/180942:WARNING:pe_image_reader.cc(280)] could not read dos header from C:\Program Files (x86)\Google\Chrome\Application\chrome.exe
[0624/180942:ERROR:process_reader_win.cc(232)] ReadMemory at 0x76ee0000 of 64 bytes failed: Only part of a ReadProcessMemory or WriteProcessMemory request was completed. (0x12B)
[0624/180942:WARNING:pe_image_reader.cc(280)] could not read dos header from C:\Windows\SYSTEM32\ntdll.dll
[0624/180942:ERROR:process_reader_win.cc(232)] ReadMemory at 0x7fefce00000 of 64 bytes failed: Only part of a ReadProcessMemory or WriteProcessMemory request was completed. (0x12B)
[0624/180942:WARNING:pe_image_reader.cc(280)] could not read dos header from C:\Windows\system32\KERNELBASE.dll
[0624/180942:ERROR:process_reader_win.cc(232)] ReadMemory at 0x76cc0000 of 64 bytes failed: Only part of a ReadProcessMemory or WriteProcessMemory request was completed. (0x12B)
[0624/180942:WARNING:pe_image_reader.cc(280)] could not read dos header from C:\Windows\system32\kernel32.dll
[0624/180942:ERROR:process_reader_win.cc(232)] ReadMemory at 0x74980000 of 64 bytes failed: Only part of a ReadProcessMemory or WriteProcessMemory request was completed. (0x12B)
[0624/180942:WARNING:pe_image_reader.cc(280)] could not read dos header from C:\Windows\System32\SYSFER.DLL
[0624/180942:ERROR:process_reader_win.cc(232)] ReadMemory at 0x7fefd310000 of 64 bytes failed: Only part of a ReadProcessMemory or WriteProcessMemory request was completed. (0x12B)
[0624/180942:WARNING:pe_image_reader.cc(280)] could not read dos header from C:\Windows\system32\msvcrt.dll
[0624/180942:ERROR:process_reader_win.cc(232)] ReadMemory at 0x7fefeee0000 of 64 bytes failed: Only part of a ReadProcessMemory or WriteProcessMemory request was completed. (0x12B)
[0624/180942:WARNING:pe_image_reader.cc(280)] could not read dos header from C:\Windows\system32\RPCRT4.dll
[0624/180942:ERROR:process_reader_win.cc(232)] ReadMemory at 0x7fefecb0000 of 64 bytes failed: Only part of a ReadProcessMemory or WriteProcessMemory request was completed. (0x12B)
[0624/180942:WARNING:pe_image_reader.cc(280)] could not read dos header from C:\Windows\SYSTEM32\sechost.dll
[0624/180942:ERROR:process_reader_win.cc(232)] ReadMemory at 0x7fefd230000 of 64 bytes failed: Only part of a ReadProcessMemory or WriteProcessMemory request was completed. (0x12B)
[0624/180942:WARNING:pe_image_reader.cc(280)] could not read dos header from C:\Windows\system32\ADVAPI32.dll
[0624/180942:ERROR:process_reader_win.cc(232)] ReadMemory at 0x7fefa0d0000 of 64 bytes failed: Only part of a ReadProcessMemory or WriteProcessMemory request was completed. (0x12B)
[0624/180942:WARNING:pe_image_reader.cc(280)] could not read dos header from C:\Program Files (x86)\Google\Chrome\Application\51.0.2704.103\chrome_elf.dll
[0624/180942:ERROR:process_reader_win.cc(232)] ReadMemory at 0x7fefbcf0000 of 64 bytes failed: Only part of a ReadProcessMemory or WriteProcessMemory request was completed. (0x12B)
[0624/180942:WARNING:pe_image_reader.cc(280)] could not read dos header from C:\Windows\system32\VERSION.dll
[0624/180942:ERROR:process_reader_win.cc(232)] ReadMemory at 0x7fefead0000 of 64 bytes failed: Only part of a ReadProcessMemory or WriteProcessMemory request was completed. (0x12B)
[0624/180942:WARNING:pe_image_reader.cc(280)] could not read dos header from C:\Windows\system32\USP10.dll
[0624/180942:ERROR:process_reader_win.cc(232)] ReadMemory at 0x7fefd870000 of 64 bytes failed: Only part of a ReadProcessMemory or WriteProcessMemory request was completed. (0x12B)
[0624/180942:WARNING:pe_image_reader.cc(280)] could not read dos header from C:\Windows\system32\LPK.dll
[0624/180942:ERROR:process_reader_win.cc(232)] ReadMemory at 0x7fefee70000 of 64 bytes failed: Only part of a ReadProcessMemory or WriteProcessMemory request was completed. (0x12B)
[0624/180942:WARNING:pe_image_reader.cc(280)] could not read dos header from C:\Windows\system32\GDI32.dll
[0624/180942:ERROR:process_reader_win.cc(232)] ReadMemory at 0x76de0000 of 64 bytes failed: Only part of a ReadProcessMemory or WriteProcessMemory request was completed. (0x12B)
[0624/180942:WARNING:pe_image_reader.cc(280)] could not read dos header from C:\Windows\system32\USER32.dll
[0624/180942:ERROR:process_reader_win.cc(232)] ReadMemory at 0x7fefa8a0000 of 64 bytes failed: Only part of a ReadProcessMemory or WriteProcessMemory request was completed. (0x12B)
[0624/180942:WARNING:pe_image_reader.cc(280)] could not read dos header from C:\Windows\system32\WINMM.dll
[0624/180942:ERROR:process_reader_win.cc(232)] ReadMemory at 0x7fefcc70000 of 64 bytes failed: Only part of a ReadProcessMemory or WriteProcessMemory request was completed. (0x12B)
[0624/180942:WARNING:pe_image_reader.cc(280)] could not read dos header from C:\Windows\system32\profapi.dll
[0624/180942:ERROR:process_reader_win.cc(232)] ReadMemory at 0x7fefcfc0000 of 64 bytes failed: Only part of a ReadProcessMemory or WriteProcessMemory request was completed. (0x12B)
[0624/180942:WARNING:pe_image_reader.cc(280)] could not read dos header from C:\Windows\system32\USERENV.dll
[0624/180942:ERROR:process_reader_win.cc(232)] ReadMemory at 0x7fefbca0000 of 64 bytes failed: Only part of a ReadProcessMemory or WriteProcessMemory request was completed. (0x12B)
[0624/180942:WARNING:pe_image_reader.cc(280)] could not read dos header from C:\Windows\system32\WTSAPI32.dll
[0624/180942:ERROR:process_reader_win.cc(232)] ReadMemory at 0x7fef6a10000 of 64 bytes failed: Only part of a ReadProcessMemory or WriteProcessMemory request was completed. (0x12B)
[0624/180942:WARNING:pe_image_reader.cc(280)] could not read dos header from C:\Windows\system32\webio.dll
[0624/180942:ERROR:process_reader_win.cc(232)] ReadMemory at 0x7fef6a80000 of 64 bytes failed: Only part of a ReadProcessMemory or WriteProcessMemory request was completed. (0x12B)
[0624/180942:WARNING:pe_image_reader.cc(280)] could not read dos header from C:\Windows\system32\WINHTTP.dll
[0624/180942:ERROR:process_reader_win.cc(232)] ReadMemory at 0x770b0000 of 64 bytes failed: Only part of a ReadProcessMemory or WriteProcessMemory request was completed. (0x12B)
[0624/180942:WARNING:pe_image_reader.cc(280)] could not read dos header from C:\Windows\system32\psapi.dll
[0624/180942:ERROR:process_reader_win.cc(232)] ReadMemory at 0x7fefeba0000 of 64 bytes failed: Only part of a ReadProcessMemory or WriteProcessMemory request was completed. (0x12B)
[0624/180942:WARNING:pe_image_reader.cc(280)] could not read dos header from C:\Windows\system32\MSCTF.dll
[0624/180942:ERROR:process_reader_win.cc(232)] ReadMemory at 0x7fefe690000 of 64 bytes failed: Only part of a ReadProcessMemory or WriteProcessMemory request was completed. (0x12B)
[0624/180942:WARNING:pe_image_reader.cc(280)] could not read dos header from C:\Windows\system32\IMM32.DLL
[0624/180942:ERROR:process_reader_win.cc(232)] ReadMemory at 0x7fefecf0000 of 64 bytes failed: Only part of a ReadProcessMemory or WriteProcessMemory request was completed. (0x12B)
[0624/180942:WARNING:pe_image_reader.cc(280)] could not read dos header from C:\Windows\system32\SHLWAPI.dll
[0624/180942:ERROR:process_reader_win.cc(232)] ReadMemory at 0x7fefd880000 of 64 bytes failed: Only part of a ReadProcessMemory or WriteProcessMemory request was completed. (0x12B)
[0624/180942:WARNING:pe_image_reader.cc(280)] could not read dos header from C:\Windows\system32\SHELL32.dll
[0624/180942:ERROR:process_reader_win.cc(232)] ReadMemory at 0x7fef9690000 of 64 bytes failed: Only part of a ReadProcessMemory or WriteProcessMemory request was completed. (0x12B)
[0624/180942:WARNING:pe_image_reader.cc(280)] could not read dos header from C:\Windows\system32\WINSPOOL.DRV
[0624/180942:ERROR:process_reader_win.cc(232)] ReadMemory at 0x7fefb5e0000 of 64 bytes failed: Only part of a ReadProcessMemory or WriteProcessMemory request was completed. (0x12B)
[0624/180942:WARNING:pe_image_reader.cc(280)] could not read dos header from C:\Windows\WinSxS\amd64_microsoft.windows.common-controls_6595b64144ccf1df_6.0.7601.18837_none_fa3b1e3d17594757\COMCTL32.dll
[0624/180942:ERROR:process_reader_win.cc(232)] ReadMemory at 0x7fefedd0000 of 64 bytes failed: Only part of a ReadProcessMemory or WriteProcessMemory request was completed. (0x12B)
[0624/180942:WARNING:pe_image_reader.cc(280)] could not read dos header from C:\Windows\system32\COMDLG32.dll
[0624/180942:ERROR:process_reader_win.cc(232)] ReadMemory at 0x7fefd020000 of 64 bytes failed: Only part of a ReadProcessMemory or WriteProcessMemory request was completed. (0x12B)
[0624/180942:WARNING:pe_image_reader.cc(280)] could not read dos header from C:\Windows\system32\ole32.dll
[0624/180942:ERROR:process_reader_win.cc(232)] ReadMemory at 0x7fefe720000 of 64 bytes failed: Only part of a ReadProcessMemory or WriteProcessMemory request was completed. (0x12B)
[0624/180942:WARNING:pe_image_reader.cc(280)] could not read dos header from C:\Windows\system32\OLEAUT32.dll
[0624/180942:ERROR:process_reader_win.cc(232)] ReadMemory at 0x7fefe6c0000 of 64 bytes failed: Only part of a ReadProcessMemory or WriteProcessMemory request was completed. (0x12B)
[0624/180942:WARNING:pe_image_reader.cc(280)] could not read dos header from C:\Windows\system32\NSI.dll
[0624/180942:ERROR:process_reader_win.cc(232)] ReadMemory at 0x7fef9ed0000 of 64 bytes failed: Only part of a ReadProcessMemory or WriteProcessMemory request was completed. (0x12B)
[0624/180942:WARNING:pe_image_reader.cc(280)] could not read dos header from C:\Windows\system32\WINNSI.DLL
[0624/180942:ERROR:process_reader_win.cc(232)] ReadMemory at 0x7fef9ee0000 of 64 bytes failed: Only part of a ReadProcessMemory or WriteProcessMemory request was completed. (0x12B)
[0624/180942:WARNING:pe_image_reader.cc(280)] could not read dos header from C:\Windows\system32\IPHLPAPI.DLL
[0624/180942:ERROR:process_reader_win.cc(232)] ReadMemory at 0x7fefe6d0000 of 64 bytes failed: Only part of a ReadProcessMemory or WriteProcessMemory request was completed. (0x12B)
[0624/180942:WARNING:pe_image_reader.cc(280)] could not read dos header from C:\Windows\system32\WS2_32.dll
[0624/180942:ERROR:process_reader_win.cc(232)] ReadMemory at 0x7fefcc60000 of 64 bytes failed: Only part of a ReadProcessMemory or WriteProcessMemory request was completed. (0x12B)
[0624/180942:WARNING:pe_image_reader.cc(280)] could not read dos header from C:\Windows\system32\MSASN1.dll
[0624/180942:ERROR:process_reader_win.cc(232)] ReadMemory at 0x7fefcc80000 of 64 bytes failed: Only part of a ReadProcessMemory or WriteProcessMemory request was completed. (0x12B)
[0624/180942:WARNING:pe_image_reader.cc(280)] could not read dos header from C:\Windows\system32\CRYPT32.dll
[0624/180942:ERROR:process_reader_win.cc(232)] ReadMemory at 0x7fefcea0000 of 64 bytes failed: Only part of a ReadProcessMemory or WriteProcessMemory request was completed. (0x12B)
[0624/180942:WARNING:pe_image_reader.cc(280)] could not read dos header from C:\Windows\system32\WINTRUST.dll
[0624/180942:ERROR:process_reader_win.cc(232)] ReadMemory at 0x7fefca40000 of 64 bytes failed: Only part of a ReadProcessMemory or WriteProcessMemory request was completed. (0x12B)
[0624/180942:WARNING:pe_image_reader.cc(280)] could not read dos header from C:\Windows\system32\Secur32.dll
[0624/180942:ERROR:process_reader_win.cc(232)] ReadMemory at 0x7fefca70000 of 64 bytes failed: Only part of a ReadProcessMemory or WriteProcessMemory request was completed. (0x12B)
[0624/180942:WARNING:pe_image_reader.cc(280)] could not read dos header from C:\Windows\system32\SSPICLI.DLL
[0624/180942:ERROR:process_reader_win.cc(232)] ReadMemory at 0x7fece5d0000 of 64 bytes failed: Only part of a ReadProcessMemory or WriteProcessMemory request was completed. (0x12B)
[0624/180942:WARNING:pe_image_reader.cc(280)] could not read dos header from C:\Program Files (x86)\Google\Chrome\Application\51.0.2704.103\chrome_child.dll
[0624/180942:ERROR:process_reader_win.cc(232)] ReadMemory at 0x7feea130000 of 64 bytes failed: Only part of a ReadProcessMemory or WriteProcessMemory request was completed. (0x12B)
[0624/180942:WARNING:pe_image_reader.cc(280)] could not read dos header from C:\Windows\system32\dwrite.dll
[0624/180942:ERROR:process_reader_win.cc(232)] ReadMemory at 0x7fefcb00000 of 64 bytes failed: Only part of a ReadProcessMemory or WriteProcessMemory request was completed. (0x12B)
[0624/180942:WARNING:pe_image_reader.cc(280)] could not read dos header from C:\Windows\system32\cryptbase.dll
[0624/180942:ERROR:process_reader_win.cc(232)] ReadMemory at 0x13f701910 of 12 bytes failed: Only part of a ReadProcessMemory or WriteProcessMemory request was completed. (0x12B)
[0624/180942:WARNING:process_snapshot_win.cc(102)] ReadMemory ExceptionInformation failed
[0624/180942:WARNING:crash_report_exception_handler.cc(60)] ProcessSnapshotWin::InitializeException failed
[0624/180942:ERROR:scoped_process_suspend.cc(38)] NtResumeProcess, ntstatus=-1073741558
